<?xml version="1.0" encoding="UTF-8"?>
<testsuite name="serverless.ExecuterTest" tests="1" skipped="0" failures="0" errors="0" timestamp="2022-02-14T09:12:38" hostname="C02FK0ZKMD6R" time="0.001">
  <properties/>
  <testcase name="successfulResponse" classname="serverless.ExecuterTest" time="0.001"/>
  <system-out><![CDATA[]]></system-out>
  <system-err><![CDATA[]]></system-err>
</testsuite>
